<?xml version="1.0" encoding="UTF-8" ?>
<testsuite tests="16" failures="0" name="testRunner.TestRunner" time="10.633" errors="0" skipped="0">
  <properties>
[...]
</properties>
  <testcase classname="Scenario: Radio 1 and Radio 2 logos are displayed in the Listen Live module the Sounds Homepage" name="Given I am on the BBC Sounds Homepage" time="0.015"/>
  <testcase classname="Scenario: Radio 1 and Radio 2 logos are displayed in the Listen Live module the Sounds Homepage" name="When I select the Listen logo" time="0.002"/>
  <testcase classname="Scenario: Radio 1 and Radio 2 logos are displayed in the Listen Live module the Sounds Homepage" name="Then I am on the Sounds Homepage" time="0"/>
  <testcase classname="Scenario: Radio 1 and Radio 2 logos are displayed in the Listen Live module the Sounds Homepage" name="And I can see Radio 1 logo" time="0"/>
  <testcase classname="Scenario: Radio 1 and Radio 2 logos are displayed in the Listen Live module the Sounds Homepage" name="And I can see Radio 2 logo" time="0"/>
  <testcase classname="Scenario: Radio 1 and Radio 2 logos are displayed in the Listen Live module the Sounds Homepage" name="Scenario: Radio 1 and Radio 2 logos are displayed in the Listen Live module the Sounds Homepage" time="1.919"/>
  <testcase classname="Scenario: Verify network station logos are displayed on the Stations page" name="Given I am on the BBC Sounds Homepage" time="0"/>
  <testcase classname="Scenario: Verify network station logos are displayed on the Stations page" name="When I click the Stations link" time="0"/>
  <testcase classname="Scenario: Verify network station logos are displayed on the Stations page" name="Then I am on the Stations page" time="0"/>
  <testcase classname="Scenario: Verify network station logos are displayed on the Stations page" name="And I see 17 network station logos" time="0"/>
  <testcase classname="Scenario: Verify network station logos are displayed on the Stations page" name="Scenario: Verify network station logos are displayed on the Stations page" time="7.029"/>
  <testcase classname="Scenario: Selecting the Hip Hop category from the Categories module on the Sounds Homepage" name="Given I am on the BBC Sounds Homepage" time="0"/>
  <testcase classname="Scenario: Selecting the Hip Hop category from the Categories module on the Sounds Homepage" name="When I select Hip Hop Category" time="0"/>
  <testcase classname="Scenario: Selecting the Hip Hop category from the Categories module on the Sounds Homepage" name="Then I am on Hip Hop Category page" time="0"/>
  <testcase classname="Scenario: Selecting the Hip Hop category from the Categories module on the Sounds Homepage" name="And I see Category page is sorted by popular" time="0"/>
  <testcase classname="Scenario: Selecting the Hip Hop category from the Categories module on the Sounds Homepage" name="Scenario: Selecting the Hip Hop category from the Categories module on the Sounds Homepage" time="1.668"/>
</testsuite>